(---------------------------------------------------------------------)
(                                                                     )
(    Refresh Padstack                                                 )
(                                                                     )
(    Drawing          : TSSOP14.dra                                   )
(    Software Version : 16.3p003                                      )
(    Date/Time        : Sun Aug 04 16:17:04 2013                      )
(                                                                     )
(---------------------------------------------------------------------)


Sun Aug 04 16:17:04 2013				Page     1


------ Pad Stack Refresh Options ------

OLD_LAYOUT_NAME = 'J:/Cadence/Package_Symbol/TSSOP14.dra';
NEW_LAYOUT_NAME = '';
REFRESH_SYMBOL_TEXT_LOCATIONS = 'NO';


------ Library Paths ------
PSMPATH =  . 
           symbols 
           .. 
           ../symbols 
           D:/Cadence/SPB_16.3/share/local/pcb/symbols 
           D:/Cadence/SPB_16.3/share/pcb/pcb_lib/symbols 
           D:/Cadence/SPB_16.3/share/pcb/allegrolib/symbols 
           J:\Cadence\Package_Symbol\ 
           J:\Cadence\Shape\ 

PADPATH =  J:\Cadence\PADs\ 
           . 
           symbols 
           .. 
           ../symbols 
           D:/Cadence/SPB_16.3/share/local/pcb/padstacks 
           D:/Cadence/SPB_16.3/share/pcb/pcb_lib/symbols 
           D:/Cadence/SPB_16.3/share/pcb/allegrolib/symbols 


------ Pad Stack Refresh Messages ------

'SMD_15X3_REC'  pad stack refresh starting.

     'SMD_15X3_REC'  pad stack refreshed successfully.
     
'SMD_12X3_REC'  pad stack refresh starting.

     'SMD_12X3_REC'  pad stack refreshed successfully.
     
Completed refreshing all pad stacks successfully.
